<?xml version='1.0' encoding='UTF-8'?>
<testsuite name="Cucumber" time="3.488" tests="0" skipped="0" failures="0" errors="0">
</testsuite>
